\BOOKMARK [0][-]{chapter.1}{\376\377\0001\000\040\000N\000a\000m\000e\000s\000p\000a\000c\000e\000\040\000I\000n\000d\000e\000x}{}% 1
\BOOKMARK [1][-]{section.1.1}{\376\377\0001\000.\0001\000\040\000P\000a\000c\000k\000a\000g\000e\000\040\000L\000i\000s\000t}{chapter.1}% 2
\BOOKMARK [0][-]{chapter.2}{\376\377\0002\000\040\000H\000i\000e\000r\000a\000r\000c\000h\000i\000c\000a\000l\000\040\000I\000n\000d\000e\000x}{}% 3
\BOOKMARK [1][-]{section.2.1}{\376\377\0002\000.\0001\000\040\000C\000l\000a\000s\000s\000\040\000H\000i\000e\000r\000a\000r\000c\000h\000y}{chapter.2}% 4
\BOOKMARK [0][-]{chapter.3}{\376\377\0003\000\040\000C\000l\000a\000s\000s\000\040\000I\000n\000d\000e\000x}{}% 5
\BOOKMARK [1][-]{section.3.1}{\376\377\0003\000.\0001\000\040\000C\000l\000a\000s\000s\000\040\000L\000i\000s\000t}{chapter.3}% 6
\BOOKMARK [0][-]{chapter.4}{\376\377\0004\000\040\000F\000i\000l\000e\000\040\000I\000n\000d\000e\000x}{}% 7
\BOOKMARK [1][-]{section.4.1}{\376\377\0004\000.\0001\000\040\000F\000i\000l\000e\000\040\000L\000i\000s\000t}{chapter.4}% 8
\BOOKMARK [0][-]{chapter.5}{\376\377\0005\000\040\000N\000a\000m\000e\000s\000p\000a\000c\000e\000\040\000D\000o\000c\000u\000m\000e\000n\000t\000a\000t\000i\000o\000n}{}% 9
\BOOKMARK [1][-]{section.5.1}{\376\377\0005\000.\0001\000\040\000P\000a\000c\000k\000a\000g\000e\000\040\000o\000r\000g\000.\000a\000p\000p}{chapter.5}% 10
\BOOKMARK [1][-]{section.5.2}{\376\377\0005\000.\0002\000\040\000P\000a\000c\000k\000a\000g\000e\000\040\000o\000r\000g\000.\000e\000n\000g\000i\000n\000e}{chapter.5}% 11
\BOOKMARK [1][-]{section.5.3}{\376\377\0005\000.\0003\000\040\000P\000a\000c\000k\000a\000g\000e\000\040\000o\000r\000g\000.\000o\000b\000j\000e\000c\000t\000s}{chapter.5}% 12
\BOOKMARK [1][-]{section.5.4}{\376\377\0005\000.\0004\000\040\000P\000a\000c\000k\000a\000g\000e\000\040\000o\000r\000g\000.\000o\000b\000j\000e\000c\000t\000s\000.\000f\000o\000o\000d}{chapter.5}% 13
\BOOKMARK [1][-]{section.5.5}{\376\377\0005\000.\0005\000\040\000P\000a\000c\000k\000a\000g\000e\000\040\000o\000r\000g\000.\000o\000b\000j\000e\000c\000t\000s\000.\000o\000b\000s\000t\000a\000c\000l\000e}{chapter.5}% 14
\BOOKMARK [1][-]{section.5.6}{\376\377\0005\000.\0006\000\040\000P\000a\000c\000k\000a\000g\000e\000\040\000o\000r\000g\000.\000p\000a\000n\000e\000l\000s}{chapter.5}% 15
\BOOKMARK [1][-]{section.5.7}{\376\377\0005\000.\0007\000\040\000P\000a\000c\000k\000a\000g\000e\000\040\000o\000r\000g\000.\000u\000t\000i\000l\000i\000t\000i\000e\000s}{chapter.5}% 16
\BOOKMARK [0][-]{chapter.6}{\376\377\0006\000\040\000C\000l\000a\000s\000s\000\040\000D\000o\000c\000u\000m\000e\000n\000t\000a\000t\000i\000o\000n}{}% 17
\BOOKMARK [1][-]{section.6.1}{\376\377\0006\000.\0001\000\040\000o\000r\000g\000.\000a\000p\000p\000.\000A\000p\000p\000\040\000C\000l\000a\000s\000s\000\040\000R\000e\000f\000e\000r\000e\000n\000c\000e}{chapter.6}% 18
\BOOKMARK [2][-]{subsection.6.1.1}{\376\377\0006\000.\0001\000.\0001\000\040\000D\000e\000t\000a\000i\000l\000e\000d\000\040\000D\000e\000s\000c\000r\000i\000p\000t\000i\000o\000n}{section.6.1}% 19
\BOOKMARK [2][-]{subsection.6.1.2}{\376\377\0006\000.\0001\000.\0002\000\040\000M\000e\000m\000b\000e\000r\000\040\000F\000u\000n\000c\000t\000i\000o\000n\000\040\000D\000o\000c\000u\000m\000e\000n\000t\000a\000t\000i\000o\000n}{section.6.1}% 20
\BOOKMARK [3][-]{subsubsection.6.1.2.1}{\376\377\0006\000.\0001\000.\0002\000.\0001\000\040\000m\000a\000i\000n\000\050\000\051}{subsection.6.1.2}% 21
\BOOKMARK [1][-]{section.6.2}{\376\377\0006\000.\0002\000\040\000o\000r\000g\000.\000p\000a\000n\000e\000l\000s\000.\000B\000g\000P\000a\000n\000e\000l\000\040\000C\000l\000a\000s\000s\000\040\000R\000e\000f\000e\000r\000e\000n\000c\000e}{chapter.6}% 22
\BOOKMARK [2][-]{subsection.6.2.1}{\376\377\0006\000.\0002\000.\0001\000\040\000D\000e\000t\000a\000i\000l\000e\000d\000\040\000D\000e\000s\000c\000r\000i\000p\000t\000i\000o\000n}{section.6.2}% 23
\BOOKMARK [2][-]{subsection.6.2.2}{\376\377\0006\000.\0002\000.\0002\000\040\000C\000o\000n\000s\000t\000r\000u\000c\000t\000o\000r\000\040\000\046\000\040\000D\000e\000s\000t\000r\000u\000c\000t\000o\000r\000\040\000D\000o\000c\000u\000m\000e\000n\000t\000a\000t\000i\000o\000n}{section.6.2}% 24
\BOOKMARK [3][-]{subsubsection.6.2.2.1}{\376\377\0006\000.\0002\000.\0002\000.\0001\000\040\000B\000g\000P\000a\000n\000e\000l\000\050\000\051}{subsection.6.2.2}% 25
\BOOKMARK [2][-]{subsection.6.2.3}{\376\377\0006\000.\0002\000.\0003\000\040\000M\000e\000m\000b\000e\000r\000\040\000F\000u\000n\000c\000t\000i\000o\000n\000\040\000D\000o\000c\000u\000m\000e\000n\000t\000a\000t\000i\000o\000n}{section.6.2}% 26
\BOOKMARK [3][-]{subsubsection.6.2.3.1}{\376\377\0006\000.\0002\000.\0003\000.\0001\000\040\000p\000a\000i\000n\000t\000C\000o\000m\000p\000o\000n\000e\000n\000t\000\050\000\051}{subsection.6.2.3}% 27
\BOOKMARK [1][-]{section.6.3}{\376\377\0006\000.\0003\000\040\000o\000r\000g\000.\000o\000b\000j\000e\000c\000t\000s\000.\000f\000o\000o\000d\000.\000B\000o\000n\000u\000s\000F\000o\000o\000d\000\040\000C\000l\000a\000s\000s\000\040\000R\000e\000f\000e\000r\000e\000n\000c\000e}{chapter.6}% 28
\BOOKMARK [2][-]{subsection.6.3.1}{\376\377\0006\000.\0003\000.\0001\000\040\000D\000e\000t\000a\000i\000l\000e\000d\000\040\000D\000e\000s\000c\000r\000i\000p\000t\000i\000o\000n}{section.6.3}% 29
\BOOKMARK [2][-]{subsection.6.3.2}{\376\377\0006\000.\0003\000.\0002\000\040\000C\000o\000n\000s\000t\000r\000u\000c\000t\000o\000r\000\040\000\046\000\040\000D\000e\000s\000t\000r\000u\000c\000t\000o\000r\000\040\000D\000o\000c\000u\000m\000e\000n\000t\000a\000t\000i\000o\000n}{section.6.3}% 30
\BOOKMARK [3][-]{subsubsection.6.3.2.1}{\376\377\0006\000.\0003\000.\0002\000.\0001\000\040\000B\000o\000n\000u\000s\000F\000o\000o\000d\000\050\000\051}{subsection.6.3.2}% 31
\BOOKMARK [2][-]{subsection.6.3.3}{\376\377\0006\000.\0003\000.\0003\000\040\000M\000e\000m\000b\000e\000r\000\040\000F\000u\000n\000c\000t\000i\000o\000n\000\040\000D\000o\000c\000u\000m\000e\000n\000t\000a\000t\000i\000o\000n}{section.6.3}% 32
\BOOKMARK [3][-]{subsubsection.6.3.3.1}{\376\377\0006\000.\0003\000.\0003\000.\0001\000\040\000d\000r\000a\000w\000\050\000\051}{subsection.6.3.3}% 33
\BOOKMARK [3][-]{subsubsection.6.3.3.2}{\376\377\0006\000.\0003\000.\0003\000.\0002\000\040\000r\000a\000n\000d\000T\000y\000p\000e\000\050\000\051}{subsection.6.3.3}% 34
\BOOKMARK [3][-]{subsubsection.6.3.3.3}{\376\377\0006\000.\0003\000.\0003\000.\0003\000\040\000r\000e\000s\000p\000a\000w\000n\000\050\000\051}{subsection.6.3.3}% 35
\BOOKMARK [2][-]{subsection.6.3.4}{\376\377\0006\000.\0003\000.\0004\000\040\000M\000e\000m\000b\000e\000r\000\040\000D\000a\000t\000a\000\040\000D\000o\000c\000u\000m\000e\000n\000t\000a\000t\000i\000o\000n}{section.6.3}% 36
\BOOKMARK [3][-]{subsubsection.6.3.4.1}{\376\377\0006\000.\0003\000.\0004\000.\0001\000\040\000i\000c\000o\000n}{subsection.6.3.4}% 37
\BOOKMARK [1][-]{section.6.4}{\376\377\0006\000.\0004\000\040\000o\000r\000g\000.\000u\000t\000i\000l\000i\000t\000i\000e\000s\000.\000C\000e\000l\000l\000P\000o\000s\000i\000t\000i\000o\000n\000\040\000C\000l\000a\000s\000s\000\040\000R\000e\000f\000e\000r\000e\000n\000c\000e}{chapter.6}% 38
\BOOKMARK [2][-]{subsection.6.4.1}{\376\377\0006\000.\0004\000.\0001\000\040\000D\000e\000t\000a\000i\000l\000e\000d\000\040\000D\000e\000s\000c\000r\000i\000p\000t\000i\000o\000n}{section.6.4}% 39
\BOOKMARK [2][-]{subsection.6.4.2}{\376\377\0006\000.\0004\000.\0002\000\040\000C\000o\000n\000s\000t\000r\000u\000c\000t\000o\000r\000\040\000\046\000\040\000D\000e\000s\000t\000r\000u\000c\000t\000o\000r\000\040\000D\000o\000c\000u\000m\000e\000n\000t\000a\000t\000i\000o\000n}{section.6.4}% 40
\BOOKMARK [3][-]{subsubsection.6.4.2.1}{\376\377\0006\000.\0004\000.\0002\000.\0001\000\040\000C\000e\000l\000l\000P\000o\000s\000i\000t\000i\000o\000n\000\050\000\051\000\040\000[\0001\000/\0002\000]}{subsection.6.4.2}% 41
\BOOKMARK [3][-]{subsubsection.6.4.2.2}{\376\377\0006\000.\0004\000.\0002\000.\0002\000\040\000C\000e\000l\000l\000P\000o\000s\000i\000t\000i\000o\000n\000\050\000\051\000\040\000[\0002\000/\0002\000]}{subsection.6.4.2}% 42
\BOOKMARK [2][-]{subsection.6.4.3}{\376\377\0006\000.\0004\000.\0003\000\040\000M\000e\000m\000b\000e\000r\000\040\000F\000u\000n\000c\000t\000i\000o\000n\000\040\000D\000o\000c\000u\000m\000e\000n\000t\000a\000t\000i\000o\000n}{section.6.4}% 43
\BOOKMARK [3][-]{subsubsection.6.4.3.1}{\376\377\0006\000.\0004\000.\0003\000.\0001\000\040\000e\000q\000u\000a\000l\000s\000\050\000\051}{subsection.6.4.3}% 44
\BOOKMARK [3][-]{subsubsection.6.4.3.2}{\376\377\0006\000.\0004\000.\0003\000.\0002\000\040\000g\000e\000t\000C\000o\000o\000r\000d\000i\000n\000a\000t\000e\000s\000\050\000\051}{subsection.6.4.3}% 45
\BOOKMARK [1][-]{section.6.5}{\376\377\0006\000.\0005\000\040\000o\000r\000g\000.\000u\000t\000i\000l\000i\000t\000i\000e\000s\000.\000D\000i\000r\000e\000c\000t\000i\000o\000n\000\040\000E\000n\000u\000m\000\040\000R\000e\000f\000e\000r\000e\000n\000c\000e}{chapter.6}% 46
\BOOKMARK [2][-]{subsection.6.5.1}{\376\377\0006\000.\0005\000.\0001\000\040\000D\000e\000t\000a\000i\000l\000e\000d\000\040\000D\000e\000s\000c\000r\000i\000p\000t\000i\000o\000n}{section.6.5}% 47
\BOOKMARK [2][-]{subsection.6.5.2}{\376\377\0006\000.\0005\000.\0002\000\040\000M\000e\000m\000b\000e\000r\000\040\000D\000a\000t\000a\000\040\000D\000o\000c\000u\000m\000e\000n\000t\000a\000t\000i\000o\000n}{section.6.5}% 48
\BOOKMARK [3][-]{subsubsection.6.5.2.1}{\376\377\0006\000.\0005\000.\0002\000.\0001\000\040\000D\000O\000W\000N}{subsection.6.5.2}% 49
\BOOKMARK [3][-]{subsubsection.6.5.2.2}{\376\377\0006\000.\0005\000.\0002\000.\0002\000\040\000L\000E\000F\000T}{subsection.6.5.2}% 50
\BOOKMARK [3][-]{subsubsection.6.5.2.3}{\376\377\0006\000.\0005\000.\0002\000.\0003\000\040\000R\000I\000G\000H\000T}{subsection.6.5.2}% 51
\BOOKMARK [3][-]{subsubsection.6.5.2.4}{\376\377\0006\000.\0005\000.\0002\000.\0004\000\040\000U\000P}{subsection.6.5.2}% 52
\BOOKMARK [1][-]{section.6.6}{\376\377\0006\000.\0006\000\040\000o\000r\000g\000.\000o\000b\000j\000e\000c\000t\000s\000.\000f\000o\000o\000d\000.\000F\000o\000o\000d\000\040\000C\000l\000a\000s\000s\000\040\000R\000e\000f\000e\000r\000e\000n\000c\000e}{chapter.6}% 53
\BOOKMARK [2][-]{subsection.6.6.1}{\376\377\0006\000.\0006\000.\0001\000\040\000D\000e\000t\000a\000i\000l\000e\000d\000\040\000D\000e\000s\000c\000r\000i\000p\000t\000i\000o\000n}{section.6.6}% 54
\BOOKMARK [2][-]{subsection.6.6.2}{\376\377\0006\000.\0006\000.\0002\000\040\000C\000o\000n\000s\000t\000r\000u\000c\000t\000o\000r\000\040\000\046\000\040\000D\000e\000s\000t\000r\000u\000c\000t\000o\000r\000\040\000D\000o\000c\000u\000m\000e\000n\000t\000a\000t\000i\000o\000n}{section.6.6}% 55
\BOOKMARK [3][-]{subsubsection.6.6.2.1}{\376\377\0006\000.\0006\000.\0002\000.\0001\000\040\000F\000o\000o\000d\000\050\000\051}{subsection.6.6.2}% 56
\BOOKMARK [2][-]{subsection.6.6.3}{\376\377\0006\000.\0006\000.\0003\000\040\000M\000e\000m\000b\000e\000r\000\040\000F\000u\000n\000c\000t\000i\000o\000n\000\040\000D\000o\000c\000u\000m\000e\000n\000t\000a\000t\000i\000o\000n}{section.6.6}% 57
\BOOKMARK [3][-]{subsubsection.6.6.3.1}{\376\377\0006\000.\0006\000.\0003\000.\0001\000\040\000d\000r\000a\000w\000\050\000\051}{subsection.6.6.3}% 58
\BOOKMARK [3][-]{subsubsection.6.6.3.2}{\376\377\0006\000.\0006\000.\0003\000.\0002\000\040\000g\000e\000t\000F\000o\000o\000d\000L\000o\000c\000a\000t\000i\000o\000n\000\050\000\051}{subsection.6.6.3}% 59
\BOOKMARK [3][-]{subsubsection.6.6.3.3}{\376\377\0006\000.\0006\000.\0003\000.\0003\000\040\000g\000e\000t\000F\000o\000o\000d\000T\000y\000p\000e\000\050\000\051}{subsection.6.6.3}% 60
\BOOKMARK [3][-]{subsubsection.6.6.3.4}{\376\377\0006\000.\0006\000.\0003\000.\0004\000\040\000r\000e\000s\000p\000a\000w\000n\000\050\000\051}{subsection.6.6.3}% 61
\BOOKMARK [2][-]{subsection.6.6.4}{\376\377\0006\000.\0006\000.\0004\000\040\000M\000e\000m\000b\000e\000r\000\040\000D\000a\000t\000a\000\040\000D\000o\000c\000u\000m\000e\000n\000t\000a\000t\000i\000o\000n}{section.6.6}% 62
\BOOKMARK [3][-]{subsubsection.6.6.4.1}{\376\377\0006\000.\0006\000.\0004\000.\0001\000\040\000B\000O\000R\000D\000E\000R\000\137\000S\000I\000Z\000E}{subsection.6.6.4}% 63
\BOOKMARK [3][-]{subsubsection.6.6.4.2}{\376\377\0006\000.\0006\000.\0004\000.\0002\000\040\000c\000o\000l\000o\000r}{subsection.6.6.4}% 64
\BOOKMARK [3][-]{subsubsection.6.6.4.3}{\376\377\0006\000.\0006\000.\0004\000.\0003\000\040\000f\000o\000o\000d\000L\000o\000c\000a\000t\000i\000o\000n}{subsection.6.6.4}% 65
\BOOKMARK [3][-]{subsubsection.6.6.4.4}{\376\377\0006\000.\0006\000.\0004\000.\0004\000\040\000r\000a\000n\000d}{subsection.6.6.4}% 66
\BOOKMARK [3][-]{subsubsection.6.6.4.5}{\376\377\0006\000.\0006\000.\0004\000.\0005\000\040\000t\000y\000p\000e}{subsection.6.6.4}% 67
\BOOKMARK [1][-]{section.6.7}{\376\377\0006\000.\0007\000\040\000o\000r\000g\000.\000o\000b\000j\000e\000c\000t\000s\000.\000f\000o\000o\000d\000.\000F\000o\000o\000d\000T\000y\000p\000e\000\040\000E\000n\000u\000m\000\040\000R\000e\000f\000e\000r\000e\000n\000c\000e}{chapter.6}% 68
\BOOKMARK [2][-]{subsection.6.7.1}{\376\377\0006\000.\0007\000.\0001\000\040\000D\000e\000t\000a\000i\000l\000e\000d\000\040\000D\000e\000s\000c\000r\000i\000p\000t\000i\000o\000n}{section.6.7}% 69
\BOOKMARK [2][-]{subsection.6.7.2}{\376\377\0006\000.\0007\000.\0002\000\040\000M\000e\000m\000b\000e\000r\000\040\000D\000a\000t\000a\000\040\000D\000o\000c\000u\000m\000e\000n\000t\000a\000t\000i\000o\000n}{section.6.7}% 70
\BOOKMARK [3][-]{subsubsection.6.7.2.1}{\376\377\0006\000.\0007\000.\0002\000.\0001\000\040\000C\000O\000N\000T\000R\000O\000L\000I\000N\000V\000E\000R\000T\000E\000R}{subsection.6.7.2}% 71
\BOOKMARK [3][-]{subsubsection.6.7.2.2}{\376\377\0006\000.\0007\000.\0002\000.\0002\000\040\000D\000E\000F\000A\000U\000L\000T}{subsection.6.7.2}% 72
\BOOKMARK [3][-]{subsubsection.6.7.2.3}{\376\377\0006\000.\0007\000.\0002\000.\0003\000\040\000M\000I\000N\000U\000S\000F\000O\000O\000D}{subsection.6.7.2}% 73
\BOOKMARK [3][-]{subsubsection.6.7.2.4}{\376\377\0006\000.\0007\000.\0002\000.\0004\000\040\000P\000L\000U\000S\000F\000O\000O\000D}{subsection.6.7.2}% 74
\BOOKMARK [3][-]{subsubsection.6.7.2.5}{\376\377\0006\000.\0007\000.\0002\000.\0005\000\040\000S\000L\000O\000W\000F\000O\000O\000D}{subsection.6.7.2}% 75
\BOOKMARK [3][-]{subsubsection.6.7.2.6}{\376\377\0006\000.\0007\000.\0002\000.\0006\000\040\000S\000P\000E\000E\000D\000F\000O\000O\000D}{subsection.6.7.2}% 76
\BOOKMARK [1][-]{section.6.8}{\376\377\0006\000.\0008\000\040\000o\000r\000g\000.\000u\000t\000i\000l\000i\000t\000i\000e\000s\000.\000G\000a\000m\000e\000B\000u\000t\000t\000o\000n\000\040\000C\000l\000a\000s\000s\000\040\000R\000e\000f\000e\000r\000e\000n\000c\000e}{chapter.6}% 77
\BOOKMARK [2][-]{subsection.6.8.1}{\376\377\0006\000.\0008\000.\0001\000\040\000D\000e\000t\000a\000i\000l\000e\000d\000\040\000D\000e\000s\000c\000r\000i\000p\000t\000i\000o\000n}{section.6.8}% 78
\BOOKMARK [2][-]{subsection.6.8.2}{\376\377\0006\000.\0008\000.\0002\000\040\000C\000o\000n\000s\000t\000r\000u\000c\000t\000o\000r\000\040\000\046\000\040\000D\000e\000s\000t\000r\000u\000c\000t\000o\000r\000\040\000D\000o\000c\000u\000m\000e\000n\000t\000a\000t\000i\000o\000n}{section.6.8}% 79
\BOOKMARK [3][-]{subsubsection.6.8.2.1}{\376\377\0006\000.\0008\000.\0002\000.\0001\000\040\000G\000a\000m\000e\000B\000u\000t\000t\000o\000n\000\050\000\051}{subsection.6.8.2}% 80
\BOOKMARK [2][-]{subsection.6.8.3}{\376\377\0006\000.\0008\000.\0003\000\040\000M\000e\000m\000b\000e\000r\000\040\000F\000u\000n\000c\000t\000i\000o\000n\000\040\000D\000o\000c\000u\000m\000e\000n\000t\000a\000t\000i\000o\000n}{section.6.8}% 81
\BOOKMARK [3][-]{subsubsection.6.8.3.1}{\376\377\0006\000.\0008\000.\0003\000.\0001\000\040\000e\000d\000i\000t\000B\000u\000t\000t\000o\000n\000\050\000\051}{subsection.6.8.3}% 82
\BOOKMARK [3][-]{subsubsection.6.8.3.2}{\376\377\0006\000.\0008\000.\0003\000.\0002\000\040\000m\000o\000u\000s\000e\000C\000l\000i\000c\000k\000e\000d\000\050\000\051}{subsection.6.8.3}% 83
\BOOKMARK [3][-]{subsubsection.6.8.3.3}{\376\377\0006\000.\0008\000.\0003\000.\0003\000\040\000m\000o\000u\000s\000e\000E\000n\000t\000e\000r\000e\000d\000\050\000\051}{subsection.6.8.3}% 84
\BOOKMARK [3][-]{subsubsection.6.8.3.4}{\376\377\0006\000.\0008\000.\0003\000.\0004\000\040\000m\000o\000u\000s\000e\000E\000x\000i\000t\000e\000d\000\050\000\051}{subsection.6.8.3}% 85
\BOOKMARK [3][-]{subsubsection.6.8.3.5}{\376\377\0006\000.\0008\000.\0003\000.\0005\000\040\000m\000o\000u\000s\000e\000P\000r\000e\000s\000s\000e\000d\000\050\000\051}{subsection.6.8.3}% 86
\BOOKMARK [3][-]{subsubsection.6.8.3.6}{\376\377\0006\000.\0008\000.\0003\000.\0006\000\040\000m\000o\000u\000s\000e\000R\000e\000l\000e\000a\000s\000e\000d\000\050\000\051}{subsection.6.8.3}% 87
\BOOKMARK [3][-]{subsubsection.6.8.3.7}{\376\377\0006\000.\0008\000.\0003\000.\0007\000\040\000o\000n\000H\000o\000v\000e\000r\000\050\000\051}{subsection.6.8.3}% 88
\BOOKMARK [2][-]{subsection.6.8.4}{\376\377\0006\000.\0008\000.\0004\000\040\000M\000e\000m\000b\000e\000r\000\040\000D\000a\000t\000a\000\040\000D\000o\000c\000u\000m\000e\000n\000t\000a\000t\000i\000o\000n}{section.6.8}% 89
\BOOKMARK [3][-]{subsubsection.6.8.4.1}{\376\377\0006\000.\0008\000.\0004\000.\0001\000\040\000s\000t\000a\000n\000d\000a\000r\000d\000T\000e\000x\000t}{subsection.6.8.4}% 90
\BOOKMARK [1][-]{section.6.9}{\376\377\0006\000.\0009\000\040\000o\000r\000g\000.\000u\000t\000i\000l\000i\000t\000i\000e\000s\000.\000G\000a\000m\000e\000C\000o\000n\000s\000t\000a\000n\000t\000s\000\040\000I\000n\000t\000e\000r\000f\000a\000c\000e\000\040\000R\000e\000f\000e\000r\000e\000n\000c\000e}{chapter.6}% 91
\BOOKMARK [2][-]{subsection.6.9.1}{\376\377\0006\000.\0009\000.\0001\000\040\000D\000e\000t\000a\000i\000l\000e\000d\000\040\000D\000e\000s\000c\000r\000i\000p\000t\000i\000o\000n}{section.6.9}% 92
\BOOKMARK [2][-]{subsection.6.9.2}{\376\377\0006\000.\0009\000.\0002\000\040\000M\000e\000m\000b\000e\000r\000\040\000D\000a\000t\000a\000\040\000D\000o\000c\000u\000m\000e\000n\000t\000a\000t\000i\000o\000n}{section.6.9}% 93
\BOOKMARK [3][-]{subsubsection.6.9.2.1}{\376\377\0006\000.\0009\000.\0002\000.\0001\000\040\000B\000O\000R\000D\000E\000R\000\137\000T\000H\000C}{subsection.6.9.2}% 94
\BOOKMARK [3][-]{subsubsection.6.9.2.2}{\376\377\0006\000.\0009\000.\0002\000.\0002\000\040\000C\000E\000L\000L\000\137\000C\000O\000U\000N\000T}{subsection.6.9.2}% 95
\BOOKMARK [3][-]{subsubsection.6.9.2.3}{\376\377\0006\000.\0009\000.\0002\000.\0003\000\040\000C\000E\000L\000L\000\137\000S\000I\000Z\000E}{subsection.6.9.2}% 96
\BOOKMARK [3][-]{subsubsection.6.9.2.4}{\376\377\0006\000.\0009\000.\0002\000.\0004\000\040\000E\000F\000F\000E\000C\000T\000\137\000D\000U\000R\000A\000T\000I\000O\000N}{subsection.6.9.2}% 97
\BOOKMARK [3][-]{subsubsection.6.9.2.5}{\376\377\0006\000.\0009\000.\0002\000.\0005\000\040\000F\000P\000S}{subsection.6.9.2}% 98
\BOOKMARK [3][-]{subsubsection.6.9.2.6}{\376\377\0006\000.\0009\000.\0002\000.\0006\000\040\000M\000A\000R\000G\000I\000N\000\137\000C\000E\000L\000L\000S}{subsection.6.9.2}% 99
\BOOKMARK [3][-]{subsubsection.6.9.2.7}{\376\377\0006\000.\0009\000.\0002\000.\0007\000\040\000M\000A\000R\000G\000I\000N\000\137\000I\000N\000N\000E\000R}{subsection.6.9.2}% 100
\BOOKMARK [3][-]{subsubsection.6.9.2.8}{\376\377\0006\000.\0009\000.\0002\000.\0008\000\040\000M\000A\000R\000G\000I\000N\000\137\000O\000U\000T\000E\000R}{subsection.6.9.2}% 101
\BOOKMARK [3][-]{subsubsection.6.9.2.9}{\376\377\0006\000.\0009\000.\0002\000.\0009\000\040\000M\000A\000X\000\137\000C\000E\000L\000L}{subsection.6.9.2}% 102
\BOOKMARK [3][-]{subsubsection.6.9.2.10}{\376\377\0006\000.\0009\000.\0002\000.\0001\0000\000\040\000M\000I\000N\000\137\000C\000E\000L\000L}{subsection.6.9.2}% 103
\BOOKMARK [3][-]{subsubsection.6.9.2.11}{\376\377\0006\000.\0009\000.\0002\000.\0001\0001\000\040\000W\000I\000N\000D\000O\000W\000\137\000S\000I\000Z\000E}{subsection.6.9.2}% 104
\BOOKMARK [1][-]{section.6.10}{\376\377\0006\000.\0001\0000\000\040\000o\000r\000g\000.\000e\000n\000g\000i\000n\000e\000.\000G\000a\000m\000e\000F\000r\000a\000m\000e\000\040\000C\000l\000a\000s\000s\000\040\000R\000e\000f\000e\000r\000e\000n\000c\000e}{chapter.6}% 105
\BOOKMARK [2][-]{subsection.6.10.1}{\376\377\0006\000.\0001\0000\000.\0001\000\040\000D\000e\000t\000a\000i\000l\000e\000d\000\040\000D\000e\000s\000c\000r\000i\000p\000t\000i\000o\000n}{section.6.10}% 106
\BOOKMARK [2][-]{subsection.6.10.2}{\376\377\0006\000.\0001\0000\000.\0002\000\040\000C\000o\000n\000s\000t\000r\000u\000c\000t\000o\000r\000\040\000\046\000\040\000D\000e\000s\000t\000r\000u\000c\000t\000o\000r\000\040\000D\000o\000c\000u\000m\000e\000n\000t\000a\000t\000i\000o\000n}{section.6.10}% 107
\BOOKMARK [3][-]{subsubsection.6.10.2.1}{\376\377\0006\000.\0001\0000\000.\0002\000.\0001\000\040\000G\000a\000m\000e\000F\000r\000a\000m\000e\000\050\000\051}{subsection.6.10.2}% 108
\BOOKMARK [2][-]{subsection.6.10.3}{\376\377\0006\000.\0001\0000\000.\0003\000\040\000M\000e\000m\000b\000e\000r\000\040\000F\000u\000n\000c\000t\000i\000o\000n\000\040\000D\000o\000c\000u\000m\000e\000n\000t\000a\000t\000i\000o\000n}{section.6.10}% 109
\BOOKMARK [3][-]{subsubsection.6.10.3.1}{\376\377\0006\000.\0001\0000\000.\0003\000.\0001\000\040\000c\000h\000a\000n\000g\000e\000S\000t\000a\000t\000e\000\050\000\051}{subsection.6.10.3}% 110
\BOOKMARK [2][-]{subsection.6.10.4}{\376\377\0006\000.\0001\0000\000.\0004\000\040\000M\000e\000m\000b\000e\000r\000\040\000D\000a\000t\000a\000\040\000D\000o\000c\000u\000m\000e\000n\000t\000a\000t\000i\000o\000n}{section.6.10}% 111
\BOOKMARK [3][-]{subsubsection.6.10.4.1}{\376\377\0006\000.\0001\0000\000.\0004\000.\0001\000\040\000c\000u\000r\000r\000e\000n\000t\000P\000a\000n\000e\000l}{subsection.6.10.4}% 112
\BOOKMARK [1][-]{section.6.11}{\376\377\0006\000.\0001\0001\000\040\000o\000r\000g\000.\000p\000a\000n\000e\000l\000s\000.\000G\000a\000m\000e\000O\000v\000e\000r\000\040\000C\000l\000a\000s\000s\000\040\000R\000e\000f\000e\000r\000e\000n\000c\000e}{chapter.6}% 113
\BOOKMARK [2][-]{subsection.6.11.1}{\376\377\0006\000.\0001\0001\000.\0001\000\040\000D\000e\000t\000a\000i\000l\000e\000d\000\040\000D\000e\000s\000c\000r\000i\000p\000t\000i\000o\000n}{section.6.11}% 114
\BOOKMARK [2][-]{subsection.6.11.2}{\376\377\0006\000.\0001\0001\000.\0002\000\040\000C\000o\000n\000s\000t\000r\000u\000c\000t\000o\000r\000\040\000\046\000\040\000D\000e\000s\000t\000r\000u\000c\000t\000o\000r\000\040\000D\000o\000c\000u\000m\000e\000n\000t\000a\000t\000i\000o\000n}{section.6.11}% 115
\BOOKMARK [3][-]{subsubsection.6.11.2.1}{\376\377\0006\000.\0001\0001\000.\0002\000.\0001\000\040\000G\000a\000m\000e\000O\000v\000e\000r\000\050\000\051}{subsection.6.11.2}% 116
\BOOKMARK [2][-]{subsection.6.11.3}{\376\377\0006\000.\0001\0001\000.\0003\000\040\000M\000e\000m\000b\000e\000r\000\040\000F\000u\000n\000c\000t\000i\000o\000n\000\040\000D\000o\000c\000u\000m\000e\000n\000t\000a\000t\000i\000o\000n}{section.6.11}% 117
\BOOKMARK [3][-]{subsubsection.6.11.3.1}{\376\377\0006\000.\0001\0001\000.\0003\000.\0001\000\040\000a\000c\000t\000i\000o\000n\000P\000e\000r\000f\000o\000r\000m\000e\000d\000\050\000\051}{subsection.6.11.3}% 118
\BOOKMARK [3][-]{subsubsection.6.11.3.2}{\376\377\0006\000.\0001\0001\000.\0003\000.\0002\000\040\000f\000o\000c\000u\000s\000G\000a\000i\000n\000e\000d\000\050\000\051}{subsection.6.11.3}% 119
\BOOKMARK [3][-]{subsubsection.6.11.3.3}{\376\377\0006\000.\0001\0001\000.\0003\000.\0003\000\040\000f\000o\000c\000u\000s\000L\000o\000s\000t\000\050\000\051}{subsection.6.11.3}% 120
\BOOKMARK [3][-]{subsubsection.6.11.3.4}{\376\377\0006\000.\0001\0001\000.\0003\000.\0004\000\040\000g\000e\000t\000j\000T\000e\000x\000t\000F\000i\000e\000l\000d\000\050\000\051}{subsection.6.11.3}% 121
\BOOKMARK [3][-]{subsubsection.6.11.3.5}{\376\377\0006\000.\0001\0001\000.\0003\000.\0005\000\040\000k\000e\000y\000P\000r\000e\000s\000s\000e\000d\000\050\000\051}{subsection.6.11.3}% 122
\BOOKMARK [3][-]{subsubsection.6.11.3.6}{\376\377\0006\000.\0001\0001\000.\0003\000.\0006\000\040\000k\000e\000y\000R\000e\000l\000e\000a\000s\000e\000d\000\050\000\051}{subsection.6.11.3}% 123
\BOOKMARK [3][-]{subsubsection.6.11.3.7}{\376\377\0006\000.\0001\0001\000.\0003\000.\0007\000\040\000k\000e\000y\000T\000y\000p\000e\000d\000\050\000\051}{subsection.6.11.3}% 124
\BOOKMARK [3][-]{subsubsection.6.11.3.8}{\376\377\0006\000.\0001\0001\000.\0003\000.\0008\000\040\000p\000a\000i\000n\000t\000C\000o\000m\000p\000o\000n\000e\000n\000t\000\050\000\051}{subsection.6.11.3}% 125
\BOOKMARK [2][-]{subsection.6.11.4}{\376\377\0006\000.\0001\0001\000.\0004\000\040\000M\000e\000m\000b\000e\000r\000\040\000D\000a\000t\000a\000\040\000D\000o\000c\000u\000m\000e\000n\000t\000a\000t\000i\000o\000n}{section.6.11}% 126
\BOOKMARK [3][-]{subsubsection.6.11.4.1}{\376\377\0006\000.\0001\0001\000.\0004\000.\0001\000\040\000b\000g}{subsection.6.11.4}% 127
\BOOKMARK [3][-]{subsubsection.6.11.4.2}{\376\377\0006\000.\0001\0001\000.\0004\000.\0002\000\040\000b\000u\000t\000t\000o\000n\000s}{subsection.6.11.4}% 128
\BOOKMARK [3][-]{subsubsection.6.11.4.3}{\376\377\0006\000.\0001\0001\000.\0004\000.\0003\000\040\000e\000n\000t\000e\000r\000N\000a\000m\000e\000F\000i\000e\000l\000d}{subsection.6.11.4}% 129
\BOOKMARK [3][-]{subsubsection.6.11.4.4}{\376\377\0006\000.\0001\0001\000.\0004\000.\0004\000\040\000m\000a\000i\000n\000M\000e\000n\000u\000B\000t\000n}{subsection.6.11.4}% 130
\BOOKMARK [3][-]{subsubsection.6.11.4.5}{\376\377\0006\000.\0001\0001\000.\0004\000.\0005\000\040\000r\000e\000t\000r\000y\000B\000t\000n}{subsection.6.11.4}% 131
\BOOKMARK [3][-]{subsubsection.6.11.4.6}{\376\377\0006\000.\0001\0001\000.\0004\000.\0006\000\040\000s\000c\000o\000r\000e}{subsection.6.11.4}% 132
\BOOKMARK [3][-]{subsubsection.6.11.4.7}{\376\377\0006\000.\0001\0001\000.\0004\000.\0007\000\040\000s\000c\000o\000r\000e\000T\000e\000x\000t}{subsection.6.11.4}% 133
\BOOKMARK [3][-]{subsubsection.6.11.4.8}{\376\377\0006\000.\0001\0001\000.\0004\000.\0008\000\040\000s\000t\000a\000t\000e\000C\000h\000a\000n\000g\000e\000r}{subsection.6.11.4}% 134
\BOOKMARK [1][-]{section.6.12}{\376\377\0006\000.\0001\0002\000\040\000o\000r\000g\000.\000p\000a\000n\000e\000l\000s\000.\000G\000a\000m\000e\000P\000a\000n\000e\000l\000\040\000C\000l\000a\000s\000s\000\040\000R\000e\000f\000e\000r\000e\000n\000c\000e}{chapter.6}% 135
\BOOKMARK [2][-]{subsection.6.12.1}{\376\377\0006\000.\0001\0002\000.\0001\000\040\000D\000e\000t\000a\000i\000l\000e\000d\000\040\000D\000e\000s\000c\000r\000i\000p\000t\000i\000o\000n}{section.6.12}% 136
\BOOKMARK [2][-]{subsection.6.12.2}{\376\377\0006\000.\0001\0002\000.\0002\000\040\000C\000o\000n\000s\000t\000r\000u\000c\000t\000o\000r\000\040\000\046\000\040\000D\000e\000s\000t\000r\000u\000c\000t\000o\000r\000\040\000D\000o\000c\000u\000m\000e\000n\000t\000a\000t\000i\000o\000n}{section.6.12}% 137
\BOOKMARK [3][-]{subsubsection.6.12.2.1}{\376\377\0006\000.\0001\0002\000.\0002\000.\0001\000\040\000G\000a\000m\000e\000P\000a\000n\000e\000l\000\050\000\051}{subsection.6.12.2}% 138
\BOOKMARK [2][-]{subsection.6.12.3}{\376\377\0006\000.\0001\0002\000.\0003\000\040\000M\000e\000m\000b\000e\000r\000\040\000F\000u\000n\000c\000t\000i\000o\000n\000\040\000D\000o\000c\000u\000m\000e\000n\000t\000a\000t\000i\000o\000n}{section.6.12}% 139
\BOOKMARK [3][-]{subsubsection.6.12.3.1}{\376\377\0006\000.\0001\0002\000.\0003\000.\0001\000\040\000a\000d\000j\000u\000s\000t\000S\000n\000a\000k\000e\000S\000p\000e\000e\000d\000\050\000\051}{subsection.6.12.3}% 140
\BOOKMARK [3][-]{subsubsection.6.12.3.2}{\376\377\0006\000.\0001\0002\000.\0003\000.\0002\000\040\000a\000p\000p\000l\000y\000F\000o\000o\000d\000E\000f\000f\000e\000c\000t\000\050\000\051}{subsection.6.12.3}% 141
\BOOKMARK [3][-]{subsubsection.6.12.3.3}{\376\377\0006\000.\0001\0002\000.\0003\000.\0003\000\040\000d\000o\000F\000o\000o\000d\000C\000o\000l\000l\000i\000s\000i\000o\000n\000s\000\050\000\051}{subsection.6.12.3}% 142
\BOOKMARK [3][-]{subsubsection.6.12.3.4}{\376\377\0006\000.\0001\0002\000.\0003\000.\0004\000\040\000g\000e\000n\000e\000r\000a\000t\000e\000N\000e\000w\000F\000o\000o\000d\000I\000t\000e\000m\000\050\000\051}{subsection.6.12.3}% 143
\BOOKMARK [3][-]{subsubsection.6.12.3.5}{\376\377\0006\000.\0001\0002\000.\0003\000.\0005\000\040\000g\000e\000t\000S\000c\000o\000r\000e\000\050\000\051}{subsection.6.12.3}% 144
\BOOKMARK [3][-]{subsubsection.6.12.3.6}{\376\377\0006\000.\0001\0002\000.\0003\000.\0006\000\040\000k\000e\000y\000P\000r\000e\000s\000s\000e\000d\000\050\000\051}{subsection.6.12.3}% 145
\BOOKMARK [3][-]{subsubsection.6.12.3.7}{\376\377\0006\000.\0001\0002\000.\0003\000.\0007\000\040\000k\000e\000y\000R\000e\000l\000e\000a\000s\000e\000d\000\050\000\051}{subsection.6.12.3}% 146
\BOOKMARK [3][-]{subsubsection.6.12.3.8}{\376\377\0006\000.\0001\0002\000.\0003\000.\0008\000\040\000k\000e\000y\000T\000y\000p\000e\000d\000\050\000\051}{subsection.6.12.3}% 147
\BOOKMARK [3][-]{subsubsection.6.12.3.9}{\376\377\0006\000.\0001\0002\000.\0003\000.\0009\000\040\000p\000a\000i\000n\000t\000C\000o\000m\000p\000o\000n\000e\000n\000t\000\050\000\051}{subsection.6.12.3}% 148
\BOOKMARK [3][-]{subsubsection.6.12.3.10}{\376\377\0006\000.\0001\0002\000.\0003\000.\0001\0000\000\040\000s\000t\000a\000r\000t\000G\000a\000m\000e\000\050\000\051}{subsection.6.12.3}% 149
\BOOKMARK [3][-]{subsubsection.6.12.3.11}{\376\377\0006\000.\0001\0002\000.\0003\000.\0001\0001\000\040\000s\000t\000o\000p\000G\000a\000m\000e\000\050\000\051}{subsection.6.12.3}% 150
\BOOKMARK [3][-]{subsubsection.6.12.3.12}{\376\377\0006\000.\0001\0002\000.\0003\000.\0001\0002\000\040\000u\000p\000d\000a\000t\000e\000\050\000\051}{subsection.6.12.3}% 151
\BOOKMARK [3][-]{subsubsection.6.12.3.13}{\376\377\0006\000.\0001\0002\000.\0003\000.\0001\0003\000\040\000u\000p\000d\000a\000t\000e\000E\000f\000f\000e\000c\000t\000s\000\050\000\051}{subsection.6.12.3}% 152
\BOOKMARK [2][-]{subsection.6.12.4}{\376\377\0006\000.\0001\0002\000.\0004\000\040\000M\000e\000m\000b\000e\000r\000\040\000D\000a\000t\000a\000\040\000D\000o\000c\000u\000m\000e\000n\000t\000a\000t\000i\000o\000n}{section.6.12}% 153
\BOOKMARK [3][-]{subsubsection.6.12.4.1}{\376\377\0006\000.\0001\0002\000.\0004\000.\0001\000\040\000b\000g}{subsection.6.12.4}% 154
\BOOKMARK [3][-]{subsubsection.6.12.4.2}{\376\377\0006\000.\0001\0002\000.\0004\000.\0002\000\040\000f\000a\000s\000t\000M\000o\000d\000e}{subsection.6.12.4}% 155
\BOOKMARK [3][-]{subsubsection.6.12.4.3}{\376\377\0006\000.\0001\0002\000.\0004\000.\0003\000\040\000f\000o\000o\000d}{subsection.6.12.4}% 156
\BOOKMARK [3][-]{subsubsection.6.12.4.4}{\376\377\0006\000.\0001\0002\000.\0004\000.\0004\000\040\000g\000a\000m\000e\000L\000o\000o\000p}{subsection.6.12.4}% 157
\BOOKMARK [3][-]{subsubsection.6.12.4.5}{\376\377\0006\000.\0001\0002\000.\0004\000.\0005\000\040\000k\000e\000y\000I\000n\000v\000e\000r\000t\000e\000r}{subsection.6.12.4}% 158
\BOOKMARK [3][-]{subsubsection.6.12.4.6}{\376\377\0006\000.\0001\0002\000.\0004\000.\0006\000\040\000o\000b\000s\000t\000a\000c\000l\000e\000s}{subsection.6.12.4}% 159
\BOOKMARK [3][-]{subsubsection.6.12.4.7}{\376\377\0006\000.\0001\0002\000.\0004\000.\0007\000\040\000r\000a\000n\000d}{subsection.6.12.4}% 160
\BOOKMARK [3][-]{subsubsection.6.12.4.8}{\376\377\0006\000.\0001\0002\000.\0004\000.\0008\000\040\000s\000c\000o\000r\000e}{subsection.6.12.4}% 161
\BOOKMARK [3][-]{subsubsection.6.12.4.9}{\376\377\0006\000.\0001\0002\000.\0004\000.\0009\000\040\000s\000l\000o\000w\000M\000o\000d\000e}{subsection.6.12.4}% 162
\BOOKMARK [3][-]{subsubsection.6.12.4.10}{\376\377\0006\000.\0001\0002\000.\0004\000.\0001\0000\000\040\000s\000n\000a\000k\000e}{subsection.6.12.4}% 163
\BOOKMARK [3][-]{subsubsection.6.12.4.11}{\376\377\0006\000.\0001\0002\000.\0004\000.\0001\0001\000\040\000s\000t\000a\000r\000t\000T\000i\000m\000e}{subsection.6.12.4}% 164
\BOOKMARK [3][-]{subsubsection.6.12.4.12}{\376\377\0006\000.\0001\0002\000.\0004\000.\0001\0002\000\040\000s\000t\000a\000t\000e\000C\000h\000a\000n\000g\000e\000r}{subsection.6.12.4}% 165
\BOOKMARK [1][-]{section.6.13}{\376\377\0006\000.\0001\0003\000\040\000o\000r\000g\000.\000e\000n\000g\000i\000n\000e\000.\000G\000a\000m\000e\000S\000t\000a\000t\000e\000\040\000E\000n\000u\000m\000\040\000R\000e\000f\000e\000r\000e\000n\000c\000e}{chapter.6}% 166
\BOOKMARK [2][-]{subsection.6.13.1}{\376\377\0006\000.\0001\0003\000.\0001\000\040\000D\000e\000t\000a\000i\000l\000e\000d\000\040\000D\000e\000s\000c\000r\000i\000p\000t\000i\000o\000n}{section.6.13}% 167
\BOOKMARK [2][-]{subsection.6.13.2}{\376\377\0006\000.\0001\0003\000.\0002\000\040\000M\000e\000m\000b\000e\000r\000\040\000D\000a\000t\000a\000\040\000D\000o\000c\000u\000m\000e\000n\000t\000a\000t\000i\000o\000n}{section.6.13}% 168
\BOOKMARK [3][-]{subsubsection.6.13.2.1}{\376\377\0006\000.\0001\0003\000.\0002\000.\0001\000\040\000G\000A\000M\000E}{subsection.6.13.2}% 169
\BOOKMARK [3][-]{subsubsection.6.13.2.2}{\376\377\0006\000.\0001\0003\000.\0002\000.\0002\000\040\000G\000A\000M\000E\000\137\000O\000V\000E\000R}{subsection.6.13.2}% 170
\BOOKMARK [3][-]{subsubsection.6.13.2.3}{\376\377\0006\000.\0001\0003\000.\0002\000.\0003\000\040\000G\000A\000M\000E\000\137\000O\000V\000E\000R\000\137\000E\000N\000T\000E\000R\000N\000A\000M\000E}{subsection.6.13.2}% 171
\BOOKMARK [3][-]{subsubsection.6.13.2.4}{\376\377\0006\000.\0001\0003\000.\0002\000.\0004\000\040\000L\000E\000A\000D\000E\000R\000B\000O\000A\000R\000D}{subsection.6.13.2}% 172
\BOOKMARK [3][-]{subsubsection.6.13.2.5}{\376\377\0006\000.\0001\0003\000.\0002\000.\0005\000\040\000M\000E\000N\000U}{subsection.6.13.2}% 173
\BOOKMARK [3][-]{subsubsection.6.13.2.6}{\376\377\0006\000.\0001\0003\000.\0002\000.\0006\000\040\000T\000U\000T\000O\000R\000I\000A\000L}{subsection.6.13.2}% 174
\BOOKMARK [1][-]{section.6.14}{\376\377\0006\000.\0001\0004\000\040\000o\000r\000g\000.\000p\000a\000n\000e\000l\000s\000.\000L\000e\000a\000d\000e\000r\000b\000o\000a\000r\000d\000\040\000C\000l\000a\000s\000s\000\040\000R\000e\000f\000e\000r\000e\000n\000c\000e}{chapter.6}% 175
\BOOKMARK [2][-]{subsection.6.14.1}{\376\377\0006\000.\0001\0004\000.\0001\000\040\000D\000e\000t\000a\000i\000l\000e\000d\000\040\000D\000e\000s\000c\000r\000i\000p\000t\000i\000o\000n}{section.6.14}% 176
\BOOKMARK [2][-]{subsection.6.14.2}{\376\377\0006\000.\0001\0004\000.\0002\000\040\000C\000o\000n\000s\000t\000r\000u\000c\000t\000o\000r\000\040\000\046\000\040\000D\000e\000s\000t\000r\000u\000c\000t\000o\000r\000\040\000D\000o\000c\000u\000m\000e\000n\000t\000a\000t\000i\000o\000n}{section.6.14}% 177
\BOOKMARK [3][-]{subsubsection.6.14.2.1}{\376\377\0006\000.\0001\0004\000.\0002\000.\0001\000\040\000L\000e\000a\000d\000e\000r\000b\000o\000a\000r\000d\000\050\000\051}{subsection.6.14.2}% 178
\BOOKMARK [2][-]{subsection.6.14.3}{\376\377\0006\000.\0001\0004\000.\0003\000\040\000M\000e\000m\000b\000e\000r\000\040\000F\000u\000n\000c\000t\000i\000o\000n\000\040\000D\000o\000c\000u\000m\000e\000n\000t\000a\000t\000i\000o\000n}{section.6.14}% 179
\BOOKMARK [3][-]{subsubsection.6.14.3.1}{\376\377\0006\000.\0001\0004\000.\0003\000.\0001\000\040\000a\000c\000t\000i\000o\000n\000P\000e\000r\000f\000o\000r\000m\000e\000d\000\050\000\051}{subsection.6.14.3}% 180
\BOOKMARK [3][-]{subsubsection.6.14.3.2}{\376\377\0006\000.\0001\0004\000.\0003\000.\0002\000\040\000c\000r\000e\000a\000t\000e\000P\000l\000a\000y\000e\000r\000\050\000\051}{subsection.6.14.3}% 181
\BOOKMARK [3][-]{subsubsection.6.14.3.3}{\376\377\0006\000.\0001\0004\000.\0003\000.\0003\000\040\000i\000s\000T\000o\000p\000T\000e\000n\000\050\000\051}{subsection.6.14.3}% 182
\BOOKMARK [3][-]{subsubsection.6.14.3.4}{\376\377\0006\000.\0001\0004\000.\0003\000.\0004\000\040\000p\000a\000i\000n\000t\000C\000o\000m\000p\000o\000n\000e\000n\000t\000\050\000\051}{subsection.6.14.3}% 183
\BOOKMARK [3][-]{subsubsection.6.14.3.5}{\376\377\0006\000.\0001\0004\000.\0003\000.\0005\000\040\000r\000e\000a\000d\000F\000r\000o\000m\000F\000i\000l\000e\000\050\000\051}{subsection.6.14.3}% 184
\BOOKMARK [3][-]{subsubsection.6.14.3.6}{\376\377\0006\000.\0001\0004\000.\0003\000.\0006\000\040\000r\000e\000a\000d\000T\000o\000L\000i\000s\000t\000\050\000\051}{subsection.6.14.3}% 185
\BOOKMARK [2][-]{subsection.6.14.4}{\376\377\0006\000.\0001\0004\000.\0004\000\040\000M\000e\000m\000b\000e\000r\000\040\000D\000a\000t\000a\000\040\000D\000o\000c\000u\000m\000e\000n\000t\000a\000t\000i\000o\000n}{section.6.14}% 186
\BOOKMARK [3][-]{subsubsection.6.14.4.1}{\376\377\0006\000.\0001\0004\000.\0004\000.\0001\000\040\000b\000g}{subsection.6.14.4}% 187
\BOOKMARK [3][-]{subsubsection.6.14.4.2}{\376\377\0006\000.\0001\0004\000.\0004\000.\0002\000\040\000l\000b\000L\000i\000s\000t}{subsection.6.14.4}% 188
\BOOKMARK [3][-]{subsubsection.6.14.4.3}{\376\377\0006\000.\0001\0004\000.\0004\000.\0003\000\040\000l\000i\000s\000t\000I\000t\000e\000m\000s}{subsection.6.14.4}% 189
\BOOKMARK [3][-]{subsubsection.6.14.4.4}{\376\377\0006\000.\0001\0004\000.\0004\000.\0004\000\040\000m\000a\000i\000n\000M\000e\000n\000u\000B\000t\000n}{subsection.6.14.4}% 190
\BOOKMARK [3][-]{subsubsection.6.14.4.5}{\376\377\0006\000.\0001\0004\000.\0004\000.\0005\000\040\000p\000l\000a\000y\000e\000r\000L\000i\000s\000t}{subsection.6.14.4}% 191
\BOOKMARK [3][-]{subsubsection.6.14.4.6}{\376\377\0006\000.\0001\0004\000.\0004\000.\0006\000\040\000s\000t\000a\000t\000e\000C\000h\000a\000n\000g\000e\000r}{subsection.6.14.4}% 192
\BOOKMARK [1][-]{section.6.15}{\376\377\0006\000.\0001\0005\000\040\000o\000r\000g\000.\000p\000a\000n\000e\000l\000s\000.\000M\000a\000i\000n\000M\000e\000n\000u\000\040\000C\000l\000a\000s\000s\000\040\000R\000e\000f\000e\000r\000e\000n\000c\000e}{chapter.6}% 193
\BOOKMARK [2][-]{subsection.6.15.1}{\376\377\0006\000.\0001\0005\000.\0001\000\040\000D\000e\000t\000a\000i\000l\000e\000d\000\040\000D\000e\000s\000c\000r\000i\000p\000t\000i\000o\000n}{section.6.15}% 194
\BOOKMARK [2][-]{subsection.6.15.2}{\376\377\0006\000.\0001\0005\000.\0002\000\040\000C\000o\000n\000s\000t\000r\000u\000c\000t\000o\000r\000\040\000\046\000\040\000D\000e\000s\000t\000r\000u\000c\000t\000o\000r\000\040\000D\000o\000c\000u\000m\000e\000n\000t\000a\000t\000i\000o\000n}{section.6.15}% 195
\BOOKMARK [3][-]{subsubsection.6.15.2.1}{\376\377\0006\000.\0001\0005\000.\0002\000.\0001\000\040\000M\000a\000i\000n\000M\000e\000n\000u\000\050\000\051}{subsection.6.15.2}% 196
\BOOKMARK [2][-]{subsection.6.15.3}{\376\377\0006\000.\0001\0005\000.\0003\000\040\000M\000e\000m\000b\000e\000r\000\040\000F\000u\000n\000c\000t\000i\000o\000n\000\040\000D\000o\000c\000u\000m\000e\000n\000t\000a\000t\000i\000o\000n}{section.6.15}% 197
\BOOKMARK [3][-]{subsubsection.6.15.3.1}{\376\377\0006\000.\0001\0005\000.\0003\000.\0001\000\040\000a\000c\000t\000i\000o\000n\000P\000e\000r\000f\000o\000r\000m\000e\000d\000\050\000\051}{subsection.6.15.3}% 198
\BOOKMARK [3][-]{subsubsection.6.15.3.2}{\376\377\0006\000.\0001\0005\000.\0003\000.\0002\000\040\000p\000a\000i\000n\000t\000C\000o\000m\000p\000o\000n\000e\000n\000t\000\050\000\051}{subsection.6.15.3}% 199
\BOOKMARK [2][-]{subsection.6.15.4}{\376\377\0006\000.\0001\0005\000.\0004\000\040\000M\000e\000m\000b\000e\000r\000\040\000D\000a\000t\000a\000\040\000D\000o\000c\000u\000m\000e\000n\000t\000a\000t\000i\000o\000n}{section.6.15}% 200
\BOOKMARK [3][-]{subsubsection.6.15.4.1}{\376\377\0006\000.\0001\0005\000.\0004\000.\0001\000\040\000b\000g}{subsection.6.15.4}% 201
\BOOKMARK [3][-]{subsubsection.6.15.4.2}{\376\377\0006\000.\0001\0005\000.\0004\000.\0002\000\040\000b\000u\000t\000t\000o\000n\000s}{subsection.6.15.4}% 202
\BOOKMARK [3][-]{subsubsection.6.15.4.3}{\376\377\0006\000.\0001\0005\000.\0004\000.\0003\000\040\000e\000x\000i\000t\000B\000t\000n}{subsection.6.15.4}% 203
\BOOKMARK [3][-]{subsubsection.6.15.4.4}{\376\377\0006\000.\0001\0005\000.\0004\000.\0004\000\040\000l\000e\000a\000d\000e\000r\000b\000o\000a\000r\000d\000B\000t\000n}{subsection.6.15.4}% 204
\BOOKMARK [3][-]{subsubsection.6.15.4.5}{\376\377\0006\000.\0001\0005\000.\0004\000.\0005\000\040\000s\000t\000a\000r\000t\000B\000t\000n}{subsection.6.15.4}% 205
\BOOKMARK [3][-]{subsubsection.6.15.4.6}{\376\377\0006\000.\0001\0005\000.\0004\000.\0006\000\040\000s\000t\000a\000t\000e\000C\000h\000a\000n\000g\000e\000r}{subsection.6.15.4}% 206
\BOOKMARK [3][-]{subsubsection.6.15.4.7}{\376\377\0006\000.\0001\0005\000.\0004\000.\0007\000\040\000t\000u\000t\000o\000r\000i\000a\000l\000B\000t\000n}{subsection.6.15.4}% 207
\BOOKMARK [1][-]{section.6.16}{\376\377\0006\000.\0001\0006\000\040\000o\000r\000g\000.\000o\000b\000j\000e\000c\000t\000s\000.\000o\000b\000s\000t\000a\000c\000l\000e\000.\000O\000b\000s\000t\000a\000c\000l\000e\000\040\000C\000l\000a\000s\000s\000\040\000R\000e\000f\000e\000r\000e\000n\000c\000e}{chapter.6}% 208
\BOOKMARK [2][-]{subsection.6.16.1}{\376\377\0006\000.\0001\0006\000.\0001\000\040\000D\000e\000t\000a\000i\000l\000e\000d\000\040\000D\000e\000s\000c\000r\000i\000p\000t\000i\000o\000n}{section.6.16}% 209
\BOOKMARK [2][-]{subsection.6.16.2}{\376\377\0006\000.\0001\0006\000.\0002\000\040\000C\000o\000n\000s\000t\000r\000u\000c\000t\000o\000r\000\040\000\046\000\040\000D\000e\000s\000t\000r\000u\000c\000t\000o\000r\000\040\000D\000o\000c\000u\000m\000e\000n\000t\000a\000t\000i\000o\000n}{section.6.16}% 210
\BOOKMARK [3][-]{subsubsection.6.16.2.1}{\376\377\0006\000.\0001\0006\000.\0002\000.\0001\000\040\000O\000b\000s\000t\000a\000c\000l\000e\000\050\000\051}{subsection.6.16.2}% 211
\BOOKMARK [2][-]{subsection.6.16.3}{\376\377\0006\000.\0001\0006\000.\0003\000\040\000M\000e\000m\000b\000e\000r\000\040\000F\000u\000n\000c\000t\000i\000o\000n\000\040\000D\000o\000c\000u\000m\000e\000n\000t\000a\000t\000i\000o\000n}{section.6.16}% 212
\BOOKMARK [3][-]{subsubsection.6.16.3.1}{\376\377\0006\000.\0001\0006\000.\0003\000.\0001\000\040\000d\000r\000a\000w\000\050\000\051}{subsection.6.16.3}% 213
\BOOKMARK [3][-]{subsubsection.6.16.3.2}{\376\377\0006\000.\0001\0006\000.\0003\000.\0002\000\040\000g\000e\000t\000C\000e\000l\000l\000s\000\050\000\051}{subsection.6.16.3}% 214
\BOOKMARK [3][-]{subsubsection.6.16.3.3}{\376\377\0006\000.\0001\0006\000.\0003\000.\0003\000\040\000g\000e\000t\000R\000a\000n\000d\000o\000m\000C\000e\000l\000l\000\050\000\051}{subsection.6.16.3}% 215
\BOOKMARK [3][-]{subsubsection.6.16.3.4}{\376\377\0006\000.\0001\0006\000.\0003\000.\0004\000\040\000r\000e\000s\000p\000a\000w\000n\000\050\000\051}{subsection.6.16.3}% 216
\BOOKMARK [2][-]{subsection.6.16.4}{\376\377\0006\000.\0001\0006\000.\0004\000\040\000M\000e\000m\000b\000e\000r\000\040\000D\000a\000t\000a\000\040\000D\000o\000c\000u\000m\000e\000n\000t\000a\000t\000i\000o\000n}{section.6.16}% 217
\BOOKMARK [3][-]{subsubsection.6.16.4.1}{\376\377\0006\000.\0001\0006\000.\0004\000.\0001\000\040\000c\000e\000l\000l\000s}{subsection.6.16.4}% 218
\BOOKMARK [3][-]{subsubsection.6.16.4.2}{\376\377\0006\000.\0001\0006\000.\0004\000.\0002\000\040\000M\000A\000X\000\137\000S\000I\000Z\000E}{subsection.6.16.4}% 219
\BOOKMARK [3][-]{subsubsection.6.16.4.3}{\376\377\0006\000.\0001\0006\000.\0004\000.\0003\000\040\000P\000A\000R\000T\000I\000C\000L\000E\000\137\000C\000O\000U\000N\000T}{subsection.6.16.4}% 220
\BOOKMARK [3][-]{subsubsection.6.16.4.4}{\376\377\0006\000.\0001\0006\000.\0004\000.\0004\000\040\000P\000A\000R\000T\000I\000C\000L\000E\000\137\000S\000I\000Z\000E}{subsection.6.16.4}% 221
\BOOKMARK [3][-]{subsubsection.6.16.4.5}{\376\377\0006\000.\0001\0006\000.\0004\000.\0005\000\040\000r\000a\000n\000d}{subsection.6.16.4}% 222
\BOOKMARK [1][-]{section.6.17}{\376\377\0006\000.\0001\0007\000\040\000o\000r\000g\000.\000o\000b\000j\000e\000c\000t\000s\000.\000o\000b\000s\000t\000a\000c\000l\000e\000.\000O\000b\000s\000t\000a\000c\000l\000e\000L\000i\000s\000t\000\040\000C\000l\000a\000s\000s\000\040\000R\000e\000f\000e\000r\000e\000n\000c\000e}{chapter.6}% 223
\BOOKMARK [2][-]{subsection.6.17.1}{\376\377\0006\000.\0001\0007\000.\0001\000\040\000D\000e\000t\000a\000i\000l\000e\000d\000\040\000D\000e\000s\000c\000r\000i\000p\000t\000i\000o\000n}{section.6.17}% 224
\BOOKMARK [2][-]{subsection.6.17.2}{\376\377\0006\000.\0001\0007\000.\0002\000\040\000C\000o\000n\000s\000t\000r\000u\000c\000t\000o\000r\000\040\000\046\000\040\000D\000e\000s\000t\000r\000u\000c\000t\000o\000r\000\040\000D\000o\000c\000u\000m\000e\000n\000t\000a\000t\000i\000o\000n}{section.6.17}% 225
\BOOKMARK [3][-]{subsubsection.6.17.2.1}{\376\377\0006\000.\0001\0007\000.\0002\000.\0001\000\040\000O\000b\000s\000t\000a\000c\000l\000e\000L\000i\000s\000t\000\050\000\051}{subsection.6.17.2}% 226
\BOOKMARK [2][-]{subsection.6.17.3}{\376\377\0006\000.\0001\0007\000.\0003\000\040\000M\000e\000m\000b\000e\000r\000\040\000F\000u\000n\000c\000t\000i\000o\000n\000\040\000D\000o\000c\000u\000m\000e\000n\000t\000a\000t\000i\000o\000n}{section.6.17}% 227
\BOOKMARK [3][-]{subsubsection.6.17.3.1}{\376\377\0006\000.\0001\0007\000.\0003\000.\0001\000\040\000a\000d\000d\000\050\000\051}{subsection.6.17.3}% 228
\BOOKMARK [3][-]{subsubsection.6.17.3.2}{\376\377\0006\000.\0001\0007\000.\0003\000.\0002\000\040\000g\000e\000t\000A\000l\000l\000C\000e\000l\000l\000s\000\050\000\051}{subsection.6.17.3}% 229
\BOOKMARK [3][-]{subsubsection.6.17.3.3}{\376\377\0006\000.\0001\0007\000.\0003\000.\0003\000\040\000g\000e\000t\000O\000b\000s\000t\000a\000c\000l\000e\000s\000\050\000\051}{subsection.6.17.3}% 230
\BOOKMARK [2][-]{subsection.6.17.4}{\376\377\0006\000.\0001\0007\000.\0004\000\040\000M\000e\000m\000b\000e\000r\000\040\000D\000a\000t\000a\000\040\000D\000o\000c\000u\000m\000e\000n\000t\000a\000t\000i\000o\000n}{section.6.17}% 231
\BOOKMARK [3][-]{subsubsection.6.17.4.1}{\376\377\0006\000.\0001\0007\000.\0004\000.\0001\000\040\000o\000b\000s\000t\000a\000c\000l\000e\000s}{subsection.6.17.4}% 232
\BOOKMARK [1][-]{section.6.18}{\376\377\0006\000.\0001\0008\000\040\000o\000r\000g\000.\000u\000t\000i\000l\000i\000t\000i\000e\000s\000.\000P\000l\000a\000y\000e\000r\000\040\000C\000l\000a\000s\000s\000\040\000R\000e\000f\000e\000r\000e\000n\000c\000e}{chapter.6}% 233
\BOOKMARK [2][-]{subsection.6.18.1}{\376\377\0006\000.\0001\0008\000.\0001\000\040\000D\000e\000t\000a\000i\000l\000e\000d\000\040\000D\000e\000s\000c\000r\000i\000p\000t\000i\000o\000n}{section.6.18}% 234
\BOOKMARK [2][-]{subsection.6.18.2}{\376\377\0006\000.\0001\0008\000.\0002\000\040\000C\000o\000n\000s\000t\000r\000u\000c\000t\000o\000r\000\040\000\046\000\040\000D\000e\000s\000t\000r\000u\000c\000t\000o\000r\000\040\000D\000o\000c\000u\000m\000e\000n\000t\000a\000t\000i\000o\000n}{section.6.18}% 235
\BOOKMARK [3][-]{subsubsection.6.18.2.1}{\376\377\0006\000.\0001\0008\000.\0002\000.\0001\000\040\000P\000l\000a\000y\000e\000r\000\050\000\051}{subsection.6.18.2}% 236
\BOOKMARK [2][-]{subsection.6.18.3}{\376\377\0006\000.\0001\0008\000.\0003\000\040\000M\000e\000m\000b\000e\000r\000\040\000F\000u\000n\000c\000t\000i\000o\000n\000\040\000D\000o\000c\000u\000m\000e\000n\000t\000a\000t\000i\000o\000n}{section.6.18}% 237
\BOOKMARK [3][-]{subsubsection.6.18.3.1}{\376\377\0006\000.\0001\0008\000.\0003\000.\0001\000\040\000c\000o\000m\000p\000a\000r\000e\000T\000o\000\050\000\051}{subsection.6.18.3}% 238
\BOOKMARK [3][-]{subsubsection.6.18.3.2}{\376\377\0006\000.\0001\0008\000.\0003\000.\0002\000\040\000e\000q\000u\000a\000l\000s\000\050\000\051}{subsection.6.18.3}% 239
\BOOKMARK [3][-]{subsubsection.6.18.3.3}{\376\377\0006\000.\0001\0008\000.\0003\000.\0003\000\040\000g\000e\000t\000N\000a\000m\000e\000\050\000\051}{subsection.6.18.3}% 240
\BOOKMARK [3][-]{subsubsection.6.18.3.4}{\376\377\0006\000.\0001\0008\000.\0003\000.\0004\000\040\000g\000e\000t\000N\000a\000m\000e\000s\000A\000n\000d\000S\000c\000o\000r\000e\000s\000\050\000\051}{subsection.6.18.3}% 241
\BOOKMARK [3][-]{subsubsection.6.18.3.5}{\376\377\0006\000.\0001\0008\000.\0003\000.\0005\000\040\000g\000e\000t\000S\000c\000o\000r\000e\000\050\000\051}{subsection.6.18.3}% 242
\BOOKMARK [2][-]{subsection.6.18.4}{\376\377\0006\000.\0001\0008\000.\0004\000\040\000M\000e\000m\000b\000e\000r\000\040\000D\000a\000t\000a\000\040\000D\000o\000c\000u\000m\000e\000n\000t\000a\000t\000i\000o\000n}{section.6.18}% 243
\BOOKMARK [3][-]{subsubsection.6.18.4.1}{\376\377\0006\000.\0001\0008\000.\0004\000.\0001\000\040\000n\000a\000m\000e}{subsection.6.18.4}% 244
\BOOKMARK [3][-]{subsubsection.6.18.4.2}{\376\377\0006\000.\0001\0008\000.\0004\000.\0002\000\040\000s\000c\000o\000r\000e}{subsection.6.18.4}% 245
\BOOKMARK [1][-]{section.6.19}{\376\377\0006\000.\0001\0009\000\040\000o\000r\000g\000.\000o\000b\000j\000e\000c\000t\000s\000.\000S\000n\000a\000k\000e\000\040\000C\000l\000a\000s\000s\000\040\000R\000e\000f\000e\000r\000e\000n\000c\000e}{chapter.6}% 246
\BOOKMARK [2][-]{subsection.6.19.1}{\376\377\0006\000.\0001\0009\000.\0001\000\040\000D\000e\000t\000a\000i\000l\000e\000d\000\040\000D\000e\000s\000c\000r\000i\000p\000t\000i\000o\000n}{section.6.19}% 247
\BOOKMARK [2][-]{subsection.6.19.2}{\376\377\0006\000.\0001\0009\000.\0002\000\040\000C\000o\000n\000s\000t\000r\000u\000c\000t\000o\000r\000\040\000\046\000\040\000D\000e\000s\000t\000r\000u\000c\000t\000o\000r\000\040\000D\000o\000c\000u\000m\000e\000n\000t\000a\000t\000i\000o\000n}{section.6.19}% 248
\BOOKMARK [3][-]{subsubsection.6.19.2.1}{\376\377\0006\000.\0001\0009\000.\0002\000.\0001\000\040\000S\000n\000a\000k\000e\000\050\000\051}{subsection.6.19.2}% 249
\BOOKMARK [2][-]{subsection.6.19.3}{\376\377\0006\000.\0001\0009\000.\0003\000\040\000M\000e\000m\000b\000e\000r\000\040\000F\000u\000n\000c\000t\000i\000o\000n\000\040\000D\000o\000c\000u\000m\000e\000n\000t\000a\000t\000i\000o\000n}{section.6.19}% 250
\BOOKMARK [3][-]{subsubsection.6.19.3.1}{\376\377\0006\000.\0001\0009\000.\0003\000.\0001\000\040\000c\000a\000l\000c\000u\000l\000a\000t\000e\000N\000e\000x\000t\000P\000o\000s\000\050\000\051}{subsection.6.19.3}% 251
\BOOKMARK [3][-]{subsubsection.6.19.3.2}{\376\377\0006\000.\0001\0009\000.\0003\000.\0002\000\040\000c\000h\000e\000c\000k\000C\000o\000l\000l\000i\000s\000i\000o\000n\000W\000i\000t\000h\000\050\000\051\000\040\000[\0001\000/\0002\000]}{subsection.6.19.3}% 252
\BOOKMARK [3][-]{subsubsection.6.19.3.3}{\376\377\0006\000.\0001\0009\000.\0003\000.\0003\000\040\000c\000h\000e\000c\000k\000C\000o\000l\000l\000i\000s\000i\000o\000n\000W\000i\000t\000h\000\050\000\051\000\040\000[\0002\000/\0002\000]}{subsection.6.19.3}% 253
\BOOKMARK [3][-]{subsubsection.6.19.3.4}{\376\377\0006\000.\0001\0009\000.\0003\000.\0004\000\040\000d\000o\000B\000o\000r\000d\000e\000r\000C\000o\000l\000l\000i\000s\000i\000o\000n\000\050\000\051}{subsection.6.19.3}% 254
\BOOKMARK [3][-]{subsubsection.6.19.3.5}{\376\377\0006\000.\0001\0009\000.\0003\000.\0005\000\040\000d\000o\000C\000o\000l\000l\000i\000s\000i\000o\000n\000s\000\050\000\051}{subsection.6.19.3}% 255
\BOOKMARK [3][-]{subsubsection.6.19.3.6}{\376\377\0006\000.\0001\0009\000.\0003\000.\0006\000\040\000d\000o\000S\000e\000l\000f\000C\000o\000l\000l\000i\000s\000i\000o\000n\000\050\000\051}{subsection.6.19.3}% 256
\BOOKMARK [3][-]{subsubsection.6.19.3.7}{\376\377\0006\000.\0001\0009\000.\0003\000.\0007\000\040\000d\000r\000a\000w\000\050\000\051}{subsection.6.19.3}% 257
\BOOKMARK [3][-]{subsubsection.6.19.3.8}{\376\377\0006\000.\0001\0009\000.\0003\000.\0008\000\040\000g\000e\000t\000B\000o\000d\000y\000\050\000\051}{subsection.6.19.3}% 258
\BOOKMARK [3][-]{subsubsection.6.19.3.9}{\376\377\0006\000.\0001\0009\000.\0003\000.\0009\000\040\000i\000s\000O\000p\000p\000o\000s\000i\000t\000e\000D\000i\000r\000\050\000\051}{subsection.6.19.3}% 259
\BOOKMARK [3][-]{subsubsection.6.19.3.10}{\376\377\0006\000.\0001\0009\000.\0003\000.\0001\0000\000\040\000m\000o\000v\000e\000\050\000\051}{subsection.6.19.3}% 260
\BOOKMARK [3][-]{subsubsection.6.19.3.11}{\376\377\0006\000.\0001\0009\000.\0003\000.\0001\0001\000\040\000u\000p\000d\000a\000t\000e\000D\000i\000r\000e\000c\000t\000i\000o\000n\000\050\000\051}{subsection.6.19.3}% 261
\BOOKMARK [2][-]{subsection.6.19.4}{\376\377\0006\000.\0001\0009\000.\0004\000\040\000M\000e\000m\000b\000e\000r\000\040\000D\000a\000t\000a\000\040\000D\000o\000c\000u\000m\000e\000n\000t\000a\000t\000i\000o\000n}{section.6.19}% 262
\BOOKMARK [3][-]{subsubsection.6.19.4.1}{\376\377\0006\000.\0001\0009\000.\0004\000.\0001\000\040\000b\000o\000d\000y}{subsection.6.19.4}% 263
\BOOKMARK [3][-]{subsubsection.6.19.4.2}{\376\377\0006\000.\0001\0009\000.\0004\000.\0002\000\040\000c\000u\000r\000r\000e\000n\000t\000D\000i\000r\000e\000c\000t\000i\000o\000n}{subsection.6.19.4}% 264
\BOOKMARK [3][-]{subsubsection.6.19.4.3}{\376\377\0006\000.\0001\0009\000.\0004\000.\0003\000\040\000I\000N\000I\000T\000\137\000L\000E\000N}{subsection.6.19.4}% 265
\BOOKMARK [3][-]{subsubsection.6.19.4.4}{\376\377\0006\000.\0001\0009\000.\0004\000.\0004\000\040\000i\000n\000p\000u\000t\000Q\000u\000e\000u\000e}{subsection.6.19.4}% 266
\BOOKMARK [3][-]{subsubsection.6.19.4.5}{\376\377\0006\000.\0001\0009\000.\0004\000.\0005\000\040\000S\000P\000E\000E\000D}{subsection.6.19.4}% 267
\BOOKMARK [1][-]{section.6.20}{\376\377\0006\000.\0002\0000\000\040\000o\000r\000g\000.\000e\000n\000g\000i\000n\000e\000.\000S\000t\000a\000t\000e\000C\000h\000a\000n\000g\000e\000L\000i\000s\000t\000e\000n\000e\000r\000\040\000I\000n\000t\000e\000r\000f\000a\000c\000e\000\040\000R\000e\000f\000e\000r\000e\000n\000c\000e}{chapter.6}% 268
\BOOKMARK [2][-]{subsection.6.20.1}{\376\377\0006\000.\0002\0000\000.\0001\000\040\000D\000e\000t\000a\000i\000l\000e\000d\000\040\000D\000e\000s\000c\000r\000i\000p\000t\000i\000o\000n}{section.6.20}% 269
\BOOKMARK [2][-]{subsection.6.20.2}{\376\377\0006\000.\0002\0000\000.\0002\000\040\000M\000e\000m\000b\000e\000r\000\040\000F\000u\000n\000c\000t\000i\000o\000n\000\040\000D\000o\000c\000u\000m\000e\000n\000t\000a\000t\000i\000o\000n}{section.6.20}% 270
\BOOKMARK [3][-]{subsubsection.6.20.2.1}{\376\377\0006\000.\0002\0000\000.\0002\000.\0001\000\040\000c\000h\000a\000n\000g\000e\000S\000t\000a\000t\000e\000\050\000\051}{subsection.6.20.2}% 271
\BOOKMARK [1][-]{section.6.21}{\376\377\0006\000.\0002\0001\000\040\000o\000r\000g\000.\000p\000a\000n\000e\000l\000s\000.\000T\000u\000t\000o\000r\000i\000a\000l\000\040\000C\000l\000a\000s\000s\000\040\000R\000e\000f\000e\000r\000e\000n\000c\000e}{chapter.6}% 272
\BOOKMARK [2][-]{subsection.6.21.1}{\376\377\0006\000.\0002\0001\000.\0001\000\040\000D\000e\000t\000a\000i\000l\000e\000d\000\040\000D\000e\000s\000c\000r\000i\000p\000t\000i\000o\000n}{section.6.21}% 273
\BOOKMARK [2][-]{subsection.6.21.2}{\376\377\0006\000.\0002\0001\000.\0002\000\040\000C\000o\000n\000s\000t\000r\000u\000c\000t\000o\000r\000\040\000\046\000\040\000D\000e\000s\000t\000r\000u\000c\000t\000o\000r\000\040\000D\000o\000c\000u\000m\000e\000n\000t\000a\000t\000i\000o\000n}{section.6.21}% 274
\BOOKMARK [3][-]{subsubsection.6.21.2.1}{\376\377\0006\000.\0002\0001\000.\0002\000.\0001\000\040\000T\000u\000t\000o\000r\000i\000a\000l\000\050\000\051}{subsection.6.21.2}% 275
\BOOKMARK [2][-]{subsection.6.21.3}{\376\377\0006\000.\0002\0001\000.\0003\000\040\000M\000e\000m\000b\000e\000r\000\040\000F\000u\000n\000c\000t\000i\000o\000n\000\040\000D\000o\000c\000u\000m\000e\000n\000t\000a\000t\000i\000o\000n}{section.6.21}% 276
\BOOKMARK [3][-]{subsubsection.6.21.3.1}{\376\377\0006\000.\0002\0001\000.\0003\000.\0001\000\040\000a\000c\000t\000i\000o\000n\000P\000e\000r\000f\000o\000r\000m\000e\000d\000\050\000\051}{subsection.6.21.3}% 277
\BOOKMARK [3][-]{subsubsection.6.21.3.2}{\376\377\0006\000.\0002\0001\000.\0003\000.\0002\000\040\000p\000a\000i\000n\000t\000C\000o\000m\000p\000o\000n\000e\000n\000t\000\050\000\051}{subsection.6.21.3}% 278
\BOOKMARK [2][-]{subsection.6.21.4}{\376\377\0006\000.\0002\0001\000.\0004\000\040\000M\000e\000m\000b\000e\000r\000\040\000D\000a\000t\000a\000\040\000D\000o\000c\000u\000m\000e\000n\000t\000a\000t\000i\000o\000n}{section.6.21}% 279
\BOOKMARK [3][-]{subsubsection.6.21.4.1}{\376\377\0006\000.\0002\0001\000.\0004\000.\0001\000\040\000m\000e\000n\000u\000B\000t\000n}{subsection.6.21.4}% 280
\BOOKMARK [3][-]{subsubsection.6.21.4.2}{\376\377\0006\000.\0002\0001\000.\0004\000.\0002\000\040\000s\000t\000a\000t\000e\000C\000h\000a\000n\000g\000e\000r}{subsection.6.21.4}% 281
\BOOKMARK [3][-]{subsubsection.6.21.4.3}{\376\377\0006\000.\0002\0001\000.\0004\000.\0003\000\040\000t\000u\000t\000o\000r\000i\000a\000l\000P\000i\000c}{subsection.6.21.4}% 282
\BOOKMARK [0][-]{chapter.7}{\376\377\0007\000\040\000F\000i\000l\000e\000\040\000D\000o\000c\000u\000m\000e\000n\000t\000a\000t\000i\000o\000n}{}% 283
\BOOKMARK [1][-]{section.7.1}{\376\377\0007\000.\0001\000\040\000A\000p\000p\000.\000j\000a\000v\000a\000\040\000F\000i\000l\000e\000\040\000R\000e\000f\000e\000r\000e\000n\000c\000e}{chapter.7}% 284
\BOOKMARK [1][-]{section.7.2}{\376\377\0007\000.\0002\000\040\000A\000p\000p\000.\000j\000a\000v\000a}{chapter.7}% 285
\BOOKMARK [1][-]{section.7.3}{\376\377\0007\000.\0003\000\040\000G\000a\000m\000e\000F\000r\000a\000m\000e\000.\000j\000a\000v\000a\000\040\000F\000i\000l\000e\000\040\000R\000e\000f\000e\000r\000e\000n\000c\000e}{chapter.7}% 286
\BOOKMARK [1][-]{section.7.4}{\376\377\0007\000.\0004\000\040\000G\000a\000m\000e\000F\000r\000a\000m\000e\000.\000j\000a\000v\000a}{chapter.7}% 287
\BOOKMARK [1][-]{section.7.5}{\376\377\0007\000.\0005\000\040\000G\000a\000m\000e\000S\000t\000a\000t\000e\000.\000j\000a\000v\000a\000\040\000F\000i\000l\000e\000\040\000R\000e\000f\000e\000r\000e\000n\000c\000e}{chapter.7}% 288
\BOOKMARK [1][-]{section.7.6}{\376\377\0007\000.\0006\000\040\000G\000a\000m\000e\000S\000t\000a\000t\000e\000.\000j\000a\000v\000a}{chapter.7}% 289
\BOOKMARK [1][-]{section.7.7}{\376\377\0007\000.\0007\000\040\000S\000t\000a\000t\000e\000C\000h\000a\000n\000g\000e\000L\000i\000s\000t\000e\000n\000e\000r\000.\000j\000a\000v\000a\000\040\000F\000i\000l\000e\000\040\000R\000e\000f\000e\000r\000e\000n\000c\000e}{chapter.7}% 290
\BOOKMARK [1][-]{section.7.8}{\376\377\0007\000.\0008\000\040\000S\000t\000a\000t\000e\000C\000h\000a\000n\000g\000e\000L\000i\000s\000t\000e\000n\000e\000r\000.\000j\000a\000v\000a}{chapter.7}% 291
\BOOKMARK [1][-]{section.7.9}{\376\377\0007\000.\0009\000\040\000B\000o\000n\000u\000s\000F\000o\000o\000d\000.\000j\000a\000v\000a\000\040\000F\000i\000l\000e\000\040\000R\000e\000f\000e\000r\000e\000n\000c\000e}{chapter.7}% 292
\BOOKMARK [1][-]{section.7.10}{\376\377\0007\000.\0001\0000\000\040\000B\000o\000n\000u\000s\000F\000o\000o\000d\000.\000j\000a\000v\000a}{chapter.7}% 293
\BOOKMARK [1][-]{section.7.11}{\376\377\0007\000.\0001\0001\000\040\000F\000o\000o\000d\000.\000j\000a\000v\000a\000\040\000F\000i\000l\000e\000\040\000R\000e\000f\000e\000r\000e\000n\000c\000e}{chapter.7}% 294
\BOOKMARK [1][-]{section.7.12}{\376\377\0007\000.\0001\0002\000\040\000F\000o\000o\000d\000.\000j\000a\000v\000a}{chapter.7}% 295
\BOOKMARK [1][-]{section.7.13}{\376\377\0007\000.\0001\0003\000\040\000F\000o\000o\000d\000T\000y\000p\000e\000.\000j\000a\000v\000a\000\040\000F\000i\000l\000e\000\040\000R\000e\000f\000e\000r\000e\000n\000c\000e}{chapter.7}% 296
\BOOKMARK [1][-]{section.7.14}{\376\377\0007\000.\0001\0004\000\040\000F\000o\000o\000d\000T\000y\000p\000e\000.\000j\000a\000v\000a}{chapter.7}% 297
\BOOKMARK [1][-]{section.7.15}{\376\377\0007\000.\0001\0005\000\040\000O\000b\000s\000t\000a\000c\000l\000e\000.\000j\000a\000v\000a\000\040\000F\000i\000l\000e\000\040\000R\000e\000f\000e\000r\000e\000n\000c\000e}{chapter.7}% 298
\BOOKMARK [1][-]{section.7.16}{\376\377\0007\000.\0001\0006\000\040\000O\000b\000s\000t\000a\000c\000l\000e\000.\000j\000a\000v\000a}{chapter.7}% 299
\BOOKMARK [1][-]{section.7.17}{\376\377\0007\000.\0001\0007\000\040\000O\000b\000s\000t\000a\000c\000l\000e\000L\000i\000s\000t\000.\000j\000a\000v\000a\000\040\000F\000i\000l\000e\000\040\000R\000e\000f\000e\000r\000e\000n\000c\000e}{chapter.7}% 300
\BOOKMARK [1][-]{section.7.18}{\376\377\0007\000.\0001\0008\000\040\000O\000b\000s\000t\000a\000c\000l\000e\000L\000i\000s\000t\000.\000j\000a\000v\000a}{chapter.7}% 301
\BOOKMARK [1][-]{section.7.19}{\376\377\0007\000.\0001\0009\000\040\000S\000n\000a\000k\000e\000.\000j\000a\000v\000a\000\040\000F\000i\000l\000e\000\040\000R\000e\000f\000e\000r\000e\000n\000c\000e}{chapter.7}% 302
\BOOKMARK [1][-]{section.7.20}{\376\377\0007\000.\0002\0000\000\040\000S\000n\000a\000k\000e\000.\000j\000a\000v\000a}{chapter.7}% 303
\BOOKMARK [1][-]{section.7.21}{\376\377\0007\000.\0002\0001\000\040\000B\000g\000P\000a\000n\000e\000l\000.\000j\000a\000v\000a\000\040\000F\000i\000l\000e\000\040\000R\000e\000f\000e\000r\000e\000n\000c\000e}{chapter.7}% 304
\BOOKMARK [1][-]{section.7.22}{\376\377\0007\000.\0002\0002\000\040\000B\000g\000P\000a\000n\000e\000l\000.\000j\000a\000v\000a}{chapter.7}% 305
\BOOKMARK [1][-]{section.7.23}{\376\377\0007\000.\0002\0003\000\040\000G\000a\000m\000e\000O\000v\000e\000r\000.\000j\000a\000v\000a\000\040\000F\000i\000l\000e\000\040\000R\000e\000f\000e\000r\000e\000n\000c\000e}{chapter.7}% 306
\BOOKMARK [1][-]{section.7.24}{\376\377\0007\000.\0002\0004\000\040\000G\000a\000m\000e\000O\000v\000e\000r\000.\000j\000a\000v\000a}{chapter.7}% 307
\BOOKMARK [1][-]{section.7.25}{\376\377\0007\000.\0002\0005\000\040\000G\000a\000m\000e\000P\000a\000n\000e\000l\000.\000j\000a\000v\000a\000\040\000F\000i\000l\000e\000\040\000R\000e\000f\000e\000r\000e\000n\000c\000e}{chapter.7}% 308
\BOOKMARK [1][-]{section.7.26}{\376\377\0007\000.\0002\0006\000\040\000G\000a\000m\000e\000P\000a\000n\000e\000l\000.\000j\000a\000v\000a}{chapter.7}% 309
\BOOKMARK [1][-]{section.7.27}{\376\377\0007\000.\0002\0007\000\040\000L\000e\000a\000d\000e\000r\000b\000o\000a\000r\000d\000.\000j\000a\000v\000a\000\040\000F\000i\000l\000e\000\040\000R\000e\000f\000e\000r\000e\000n\000c\000e}{chapter.7}% 310
\BOOKMARK [1][-]{section.7.28}{\376\377\0007\000.\0002\0008\000\040\000L\000e\000a\000d\000e\000r\000b\000o\000a\000r\000d\000.\000j\000a\000v\000a}{chapter.7}% 311
\BOOKMARK [1][-]{section.7.29}{\376\377\0007\000.\0002\0009\000\040\000M\000a\000i\000n\000M\000e\000n\000u\000.\000j\000a\000v\000a\000\040\000F\000i\000l\000e\000\040\000R\000e\000f\000e\000r\000e\000n\000c\000e}{chapter.7}% 312
\BOOKMARK [1][-]{section.7.30}{\376\377\0007\000.\0003\0000\000\040\000M\000a\000i\000n\000M\000e\000n\000u\000.\000j\000a\000v\000a}{chapter.7}% 313
\BOOKMARK [1][-]{section.7.31}{\376\377\0007\000.\0003\0001\000\040\000T\000u\000t\000o\000r\000i\000a\000l\000.\000j\000a\000v\000a\000\040\000F\000i\000l\000e\000\040\000R\000e\000f\000e\000r\000e\000n\000c\000e}{chapter.7}% 314
\BOOKMARK [1][-]{section.7.32}{\376\377\0007\000.\0003\0002\000\040\000T\000u\000t\000o\000r\000i\000a\000l\000.\000j\000a\000v\000a}{chapter.7}% 315
\BOOKMARK [1][-]{section.7.33}{\376\377\0007\000.\0003\0003\000\040\000C\000e\000l\000l\000P\000o\000s\000i\000t\000i\000o\000n\000.\000j\000a\000v\000a\000\040\000F\000i\000l\000e\000\040\000R\000e\000f\000e\000r\000e\000n\000c\000e}{chapter.7}% 316
\BOOKMARK [1][-]{section.7.34}{\376\377\0007\000.\0003\0004\000\040\000C\000e\000l\000l\000P\000o\000s\000i\000t\000i\000o\000n\000.\000j\000a\000v\000a}{chapter.7}% 317
\BOOKMARK [1][-]{section.7.35}{\376\377\0007\000.\0003\0005\000\040\000D\000i\000r\000e\000c\000t\000i\000o\000n\000.\000j\000a\000v\000a\000\040\000F\000i\000l\000e\000\040\000R\000e\000f\000e\000r\000e\000n\000c\000e}{chapter.7}% 318
\BOOKMARK [1][-]{section.7.36}{\376\377\0007\000.\0003\0006\000\040\000D\000i\000r\000e\000c\000t\000i\000o\000n\000.\000j\000a\000v\000a}{chapter.7}% 319
\BOOKMARK [1][-]{section.7.37}{\376\377\0007\000.\0003\0007\000\040\000G\000a\000m\000e\000B\000u\000t\000t\000o\000n\000.\000j\000a\000v\000a\000\040\000F\000i\000l\000e\000\040\000R\000e\000f\000e\000r\000e\000n\000c\000e}{chapter.7}% 320
\BOOKMARK [1][-]{section.7.38}{\376\377\0007\000.\0003\0008\000\040\000G\000a\000m\000e\000B\000u\000t\000t\000o\000n\000.\000j\000a\000v\000a}{chapter.7}% 321
\BOOKMARK [1][-]{section.7.39}{\376\377\0007\000.\0003\0009\000\040\000G\000a\000m\000e\000C\000o\000n\000s\000t\000a\000n\000t\000s\000.\000j\000a\000v\000a\000\040\000F\000i\000l\000e\000\040\000R\000e\000f\000e\000r\000e\000n\000c\000e}{chapter.7}% 322
\BOOKMARK [1][-]{section.7.40}{\376\377\0007\000.\0004\0000\000\040\000G\000a\000m\000e\000C\000o\000n\000s\000t\000a\000n\000t\000s\000.\000j\000a\000v\000a}{chapter.7}% 323
\BOOKMARK [1][-]{section.7.41}{\376\377\0007\000.\0004\0001\000\040\000P\000l\000a\000y\000e\000r\000.\000j\000a\000v\000a\000\040\000F\000i\000l\000e\000\040\000R\000e\000f\000e\000r\000e\000n\000c\000e}{chapter.7}% 324
\BOOKMARK [1][-]{section.7.42}{\376\377\0007\000.\0004\0002\000\040\000P\000l\000a\000y\000e\000r\000.\000j\000a\000v\000a}{chapter.7}% 325
\BOOKMARK [0][-]{section*.117}{\376\377\000I\000n\000d\000e\000x}{}% 326
